2026-03-08 00:00:00,004 | INFO     | libretime_playout.player.queue:main:39 - waiting 0s until next scheduled item
2026-03-08 00:00:00,026 | INFO     | libretime_playout.player.queue:main:39 - waiting 3.973339s until next scheduled item
2026-03-08 00:00:04,030 | INFO     | libretime_playout.player.queue:main:39 - waiting 28.969759s until next scheduled item
2026-03-08 00:00:33,006 | INFO     | libretime_playout.player.queue:main:39 - waiting 39.993106s until next scheduled item
2026-03-08 00:00:38,079 | INFO     | libretime_playout.message_handler:on_message:52 - handling event update_schedule: {'event_type': 'update_schedule'}
2026-03-08 00:00:44,258 | INFO     | libretime_playout.player.file:copy_file:47 - copying file 18 to cache /var/lib/libretime/playout/scheduler/18.mp3
2026-03-08 00:00:44,271 | INFO     | libretime_playout.player.queue:main:57 - New schedule received
2026-03-08 00:00:44,272 | INFO     | libretime_playout.player.queue:main:39 - waiting 28.727506s until next scheduled item
2026-03-08 00:00:44,367 | INFO     | libretime_playout.player.fetch:cache_cleanup:255 - File '/var/lib/libretime/playout/scheduler/1423.mp3' removed
2026-03-08 00:00:44,488 | INFO     | libretime_playout.player.file:copy_file:47 - copying file 7291 to cache /var/lib/libretime/playout/scheduler/7291.mp3
2026-03-08 00:00:44,495 | INFO     | libretime_playout.player.fetch:cache_cleanup:255 - File '/var/lib/libretime/playout/scheduler/5838.mp3' removed
2026-03-08 00:00:44,496 | INFO     | libretime_playout.player.fetch:handle_message:111 - New timeout: 400.0
2026-03-08 00:00:44,496 | INFO     | libretime_playout.player.fetch:main:311 - Loop #57
2026-03-08 00:00:46,923 | INFO     | libretime_playout.player.file:copy_file:47 - copying file 6911 to cache /var/lib/libretime/playout/scheduler/6911.mp3
2026-03-08 00:00:47,993 | INFO     | libretime_playout.player.file:copy_file:47 - copying file 7065 to cache /var/lib/libretime/playout/scheduler/7065.mp3
2026-03-08 00:00:48,958 | INFO     | libretime_playout.player.file:copy_file:47 - copying file 6894 to cache /var/lib/libretime/playout/scheduler/6894.mp3
2026-03-08 00:00:53,991 | INFO     | libretime_playout.player.file:copy_file:47 - copying file 6669 to cache /var/lib/libretime/playout/scheduler/6669.mp3
2026-03-08 00:00:54,918 | INFO     | libretime_playout.player.file:copy_file:47 - copying file 788 to cache /var/lib/libretime/playout/scheduler/788.mp3
2026-03-08 00:00:56,194 | INFO     | libretime_playout.player.file:copy_file:47 - copying file 874 to cache /var/lib/libretime/playout/scheduler/874.mp3
2026-03-08 00:00:58,355 | INFO     | libretime_playout.player.file:copy_file:47 - copying file 6627 to cache /var/lib/libretime/playout/scheduler/6627.mp3
2026-03-08 00:01:00,980 | INFO     | libretime_playout.player.file:copy_file:47 - copying file 7140 to cache /var/lib/libretime/playout/scheduler/7140.mp3
2026-03-08 00:01:02,606 | INFO     | libretime_playout.player.file:copy_file:47 - copying file 6533 to cache /var/lib/libretime/playout/scheduler/6533.mp3
2026-03-08 00:01:04,381 | INFO     | libretime_playout.player.file:copy_file:47 - copying file 6571 to cache /var/lib/libretime/playout/scheduler/6571.mp3
2026-03-08 00:01:13,018 | INFO     | libretime_playout.player.queue:main:39 - waiting 5.981238s until next scheduled item
2026-03-08 00:01:19,007 | INFO     | libretime_playout.player.queue:main:39 - waiting 15.992584s until next scheduled item
2026-03-08 00:01:35,006 | INFO     | libretime_playout.player.queue:main:39 - waiting 1754.993135s until next scheduled item
2026-03-08 00:07:24,497 | INFO     | libretime_playout.player.fetch:main:332 - Queue timeout. Fetching schedule manually
2026-03-08 00:07:29,936 | INFO     | libretime_playout.player.fetch:main:311 - Loop #58
2026-03-08 00:07:29,942 | INFO     | libretime_playout.player.queue:main:57 - New schedule received
2026-03-08 00:07:29,942 | INFO     | libretime_playout.player.queue:main:39 - waiting 1400.057494s until next scheduled item
2026-03-08 00:14:09,937 | INFO     | libretime_playout.player.fetch:main:332 - Queue timeout. Fetching schedule manually
2026-03-08 00:14:15,429 | INFO     | libretime_playout.player.fetch:main:311 - Loop #59
2026-03-08 00:14:15,432 | INFO     | libretime_playout.player.queue:main:57 - New schedule received
2026-03-08 00:14:15,433 | INFO     | libretime_playout.player.queue:main:39 - waiting 994.56672s until next scheduled item
2026-03-08 00:20:55,429 | INFO     | libretime_playout.player.fetch:main:332 - Queue timeout. Fetching schedule manually
2026-03-08 00:21:00,934 | INFO     | libretime_playout.player.fetch:main:311 - Loop #60
2026-03-08 00:21:00,938 | INFO     | libretime_playout.player.queue:main:57 - New schedule received
2026-03-08 00:21:00,938 | INFO     | libretime_playout.player.queue:main:39 - waiting 589.061566s until next scheduled item
2026-03-08 00:27:40,934 | INFO     | libretime_playout.player.fetch:main:332 - Queue timeout. Fetching schedule manually
2026-03-08 00:27:46,536 | INFO     | libretime_playout.player.fetch:main:311 - Loop #61
2026-03-08 00:27:46,540 | INFO     | libretime_playout.player.queue:main:57 - New schedule received
2026-03-08 00:27:46,540 | INFO     | libretime_playout.player.queue:main:39 - waiting 183.45946s until next scheduled item
2026-03-08 00:30:50,006 | INFO     | libretime_playout.player.queue:main:39 - waiting 6.993921s until next scheduled item
2026-03-08 00:30:57,044 | INFO     | libretime_playout.player.queue:main:39 - waiting 168.955394s until next scheduled item
2026-03-08 00:33:46,006 | INFO     | libretime_playout.player.queue:main:39 - waiting 15.993225s until next scheduled item
2026-03-08 00:34:02,043 | INFO     | libretime_playout.player.queue:main:39 - waiting 1557.956735s until next scheduled item
2026-03-08 00:34:26,537 | INFO     | libretime_playout.player.fetch:main:332 - Queue timeout. Fetching schedule manually
2026-03-08 00:34:31,104 | INFO     | libretime_playout.player.push:main:62 - heartbeat
2026-03-08 00:34:31,105 | INFO     | libretime_playout.player.queue:main:57 - New schedule received
2026-03-08 00:34:31,107 | INFO     | libretime_playout.player.queue:main:39 - waiting 1528.892398s until next scheduled item
2026-03-08 00:34:31,201 | INFO     | libretime_playout.player.fetch:cache_cleanup:255 - File '/var/lib/libretime/playout/scheduler/494.mp3' removed
2026-03-08 00:34:31,304 | INFO     | libretime_playout.player.fetch:cache_cleanup:255 - File '/var/lib/libretime/playout/scheduler/24.mp3' removed
2026-03-08 00:34:31,407 | INFO     | libretime_playout.player.fetch:cache_cleanup:255 - File '/var/lib/libretime/playout/scheduler/2942.mp3' removed
2026-03-08 00:34:31,512 | INFO     | libretime_playout.player.fetch:cache_cleanup:255 - File '/var/lib/libretime/playout/scheduler/472.mp3' removed
2026-03-08 00:34:31,513 | INFO     | libretime_playout.player.fetch:main:311 - Loop #62
2026-03-08 00:41:11,513 | INFO     | libretime_playout.player.fetch:main:332 - Queue timeout. Fetching schedule manually
2026-03-08 00:41:16,056 | INFO     | libretime_playout.player.fetch:main:311 - Loop #63
2026-03-08 00:41:16,061 | INFO     | libretime_playout.player.queue:main:57 - New schedule received
2026-03-08 00:41:16,061 | INFO     | libretime_playout.player.queue:main:39 - waiting 1123.938556s until next scheduled item
2026-03-08 00:47:56,057 | INFO     | libretime_playout.player.fetch:main:332 - Queue timeout. Fetching schedule manually
2026-03-08 00:48:00,520 | INFO     | libretime_playout.player.fetch:main:311 - Loop #64
2026-03-08 00:48:00,523 | INFO     | libretime_playout.player.queue:main:57 - New schedule received
2026-03-08 00:48:00,523 | INFO     | libretime_playout.player.queue:main:39 - waiting 719.476177s until next scheduled item
2026-03-08 00:54:40,521 | INFO     | libretime_playout.player.fetch:main:332 - Queue timeout. Fetching schedule manually
2026-03-08 00:54:45,005 | INFO     | libretime_playout.player.fetch:main:311 - Loop #65
2026-03-08 00:54:45,009 | INFO     | libretime_playout.player.queue:main:57 - New schedule received
2026-03-08 00:54:45,009 | INFO     | libretime_playout.player.queue:main:39 - waiting 314.990251s until next scheduled item
2026-03-08 01:00:00,004 | INFO     | libretime_playout.player.queue:main:39 - waiting 0s until next scheduled item
2026-03-08 01:00:00,026 | INFO     | libretime_playout.player.queue:main:39 - waiting 3.973267s until next scheduled item
2026-03-08 01:00:04,025 | INFO     | libretime_playout.player.queue:main:39 - waiting 28.974786s until next scheduled item
2026-03-08 01:00:33,006 | INFO     | libretime_playout.player.queue:main:39 - waiting 39.993316s until next scheduled item
2026-03-08 01:00:46,181 | INFO     | libretime_playout.message_handler:on_message:52 - handling event update_schedule: {'event_type': 'update_schedule'}
2026-03-08 01:00:56,620 | INFO     | libretime_playout.player.file:copy_file:47 - copying file 7896 to cache /var/lib/libretime/playout/scheduler/7896.mp3
2026-03-08 01:00:56,633 | INFO     | libretime_playout.player.queue:main:57 - New schedule received
2026-03-08 01:00:56,635 | INFO     | libretime_playout.player.queue:main:39 - waiting 16.365006s until next scheduled item
2026-03-08 01:00:56,725 | INFO     | libretime_playout.player.fetch:cache_cleanup:255 - File '/var/lib/libretime/playout/scheduler/7892.mp3' removed
2026-03-08 01:00:56,725 | INFO     | libretime_playout.player.fetch:handle_message:111 - New timeout: 400.0
2026-03-08 01:00:56,726 | INFO     | libretime_playout.player.fetch:main:311 - Loop #66
2026-03-08 01:00:56,773 | INFO     | libretime_playout.player.file:copy_file:47 - copying file 7895 to cache /var/lib/libretime/playout/scheduler/7895.mp3
2026-03-08 01:00:56,933 | INFO     | libretime_playout.player.file:copy_file:47 - copying file 19 to cache /var/lib/libretime/playout/scheduler/19.mp3
2026-03-08 01:00:57,086 | INFO     | libretime_playout.player.file:copy_file:47 - copying file 20 to cache /var/lib/libretime/playout/scheduler/20.mp3
2026-03-08 01:00:57,289 | INFO     | libretime_playout.player.file:copy_file:47 - copying file 494 to cache /var/lib/libretime/playout/scheduler/494.mp3
2026-03-08 01:00:57,462 | INFO     | libretime_playout.player.file:copy_file:47 - copying file 7731 to cache /var/lib/libretime/playout/scheduler/7731.mp3
2026-03-08 01:00:59,519 | INFO     | libretime_playout.player.file:copy_file:47 - copying file 4325 to cache /var/lib/libretime/playout/scheduler/4325.mp3
2026-03-08 01:01:00,773 | INFO     | libretime_playout.player.file:copy_file:47 - copying file 6945 to cache /var/lib/libretime/playout/scheduler/6945.mp3
2026-03-08 01:01:01,527 | INFO     | libretime_playout.player.file:copy_file:47 - copying file 7687 to cache /var/lib/libretime/playout/scheduler/7687.mp3
2026-03-08 01:01:03,784 | INFO     | libretime_playout.player.file:copy_file:47 - copying file 6460 to cache /var/lib/libretime/playout/scheduler/6460.mp3
2026-03-08 01:01:07,179 | INFO     | libretime_playout.player.file:copy_file:47 - copying file 6822 to cache /var/lib/libretime/playout/scheduler/6822.mp3
2026-03-08 01:01:08,230 | INFO     | libretime_playout.player.file:copy_file:47 - copying file 4334 to cache /var/lib/libretime/playout/scheduler/4334.mp3
2026-03-08 01:01:12,677 | INFO     | libretime_playout.player.file:copy_file:47 - copying file 7542 to cache /var/lib/libretime/playout/scheduler/7542.mp3
2026-03-08 01:01:13,040 | INFO     | libretime_playout.player.queue:main:39 - waiting 19.959396s until next scheduled item
2026-03-08 01:01:16,094 | INFO     | libretime_playout.player.file:copy_file:47 - copying file 7059 to cache /var/lib/libretime/playout/scheduler/7059.mp3
2026-03-08 01:01:17,255 | INFO     | libretime_playout.player.file:copy_file:47 - copying file 6731 to cache /var/lib/libretime/playout/scheduler/6731.mp3
2026-03-08 01:01:17,992 | INFO     | libretime_playout.player.file:copy_file:47 - copying file 6463 to cache /var/lib/libretime/playout/scheduler/6463.mp3
2026-03-08 01:01:22,687 | INFO     | libretime_playout.player.file:copy_file:47 - copying file 44 to cache /var/lib/libretime/playout/scheduler/44.mp3
2026-03-08 01:01:24,664 | INFO     | libretime_playout.player.file:copy_file:47 - copying file 861 to cache /var/lib/libretime/playout/scheduler/861.mp3
2026-03-08 01:01:25,522 | INFO     | libretime_playout.player.file:copy_file:47 - copying file 7244 to cache /var/lib/libretime/playout/scheduler/7244.mp3
2026-03-08 01:01:25,997 | INFO     | libretime_playout.player.file:copy_file:47 - copying file 6876 to cache /var/lib/libretime/playout/scheduler/6876.mp3
2026-03-08 01:01:33,007 | INFO     | libretime_playout.player.queue:main:39 - waiting 4.993047s until next scheduled item
2026-03-08 01:01:38,045 | INFO     | libretime_playout.player.queue:main:39 - waiting 398.954331s until next scheduled item
2026-03-08 01:07:36,727 | INFO     | libretime_playout.player.fetch:main:332 - Queue timeout. Fetching schedule manually
2026-03-08 01:07:46,157 | INFO     | libretime_playout.player.queue:main:57 - New schedule received
2026-03-08 01:07:46,159 | INFO     | libretime_playout.player.queue:main:39 - waiting 30.840648s until next scheduled item
2026-03-08 01:07:46,248 | INFO     | libretime_playout.player.fetch:cache_cleanup:255 - File '/var/lib/libretime/playout/scheduler/18.mp3' removed
2026-03-08 01:07:46,371 | INFO     | libretime_playout.player.fetch:cache_cleanup:255 - File '/var/lib/libretime/playout/scheduler/587.mp3' removed
2026-03-08 01:07:46,475 | INFO     | libretime_playout.player.fetch:cache_cleanup:255 - File '/var/lib/libretime/playout/scheduler/7891.mp3' removed
2026-03-08 01:07:46,477 | INFO     | libretime_playout.player.fetch:main:311 - Loop #67
2026-03-08 01:08:17,007 | INFO     | libretime_playout.player.queue:main:39 - waiting 166.992639s until next scheduled item
2026-03-08 01:11:04,008 | INFO     | libretime_playout.player.queue:main:39 - waiting 158.991375s until next scheduled item
2026-03-08 01:13:43,044 | INFO     | libretime_playout.player.queue:main:39 - waiting 816.955427s until next scheduled item
2026-03-08 01:14:26,477 | INFO     | libretime_playout.player.fetch:main:332 - Queue timeout. Fetching schedule manually
2026-03-08 01:14:35,230 | INFO     | libretime_playout.player.queue:main:57 - New schedule received
2026-03-08 01:14:35,231 | INFO     | libretime_playout.player.queue:main:39 - waiting 764.768386s until next scheduled item
2026-03-08 01:14:35,319 | INFO     | libretime_playout.player.fetch:cache_cleanup:255 - File '/var/lib/libretime/playout/scheduler/7291.mp3' removed
2026-03-08 01:14:35,443 | INFO     | libretime_playout.player.fetch:cache_cleanup:255 - File '/var/lib/libretime/playout/scheduler/7065.mp3' removed
2026-03-08 01:14:35,559 | INFO     | libretime_playout.player.fetch:cache_cleanup:255 - File '/var/lib/libretime/playout/scheduler/6911.mp3' removed
2026-03-08 01:14:35,560 | INFO     | libretime_playout.player.fetch:main:311 - Loop #68
2026-03-08 01:21:15,561 | INFO     | libretime_playout.player.fetch:main:332 - Queue timeout. Fetching schedule manually
2026-03-08 01:21:24,291 | INFO     | libretime_playout.player.fetch:main:311 - Loop #69
2026-03-08 01:21:24,298 | INFO     | libretime_playout.player.queue:main:57 - New schedule received
2026-03-08 01:21:24,299 | INFO     | libretime_playout.player.queue:main:39 - waiting 355.700991s until next scheduled item
2026-03-08 01:27:20,044 | INFO     | libretime_playout.player.queue:main:39 - waiting 138.955175s until next scheduled item
2026-03-08 01:28:04,292 | INFO     | libretime_playout.player.fetch:main:332 - Queue timeout. Fetching schedule manually
2026-03-08 01:28:04,298 | WARNING  | urllib3.connectionpool:urlopen:870 - Retrying (Retry(total=4, connect=None, read=None, redirect=None, status=None)) after connection broken by 'RemoteDisconnected('Remote end closed connection without response')': /api/v2/stream/preferences
2026-03-08 01:28:12,921 | INFO     | libretime_playout.player.queue:main:57 - New schedule received
2026-03-08 01:28:12,923 | INFO     | libretime_playout.player.queue:main:39 - waiting 86.077028s until next scheduled item
2026-03-08 01:28:13,028 | INFO     | libretime_playout.player.fetch:cache_cleanup:255 - File '/var/lib/libretime/playout/scheduler/6894.mp3' removed
2026-03-08 01:28:13,029 | INFO     | libretime_playout.player.fetch:main:311 - Loop #70
2026-03-08 01:29:39,006 | INFO     | libretime_playout.player.queue:main:39 - waiting 185.993555s until next scheduled item
2026-03-08 01:32:45,051 | INFO     | libretime_playout.player.queue:main:39 - waiting 336.948636s until next scheduled item
2026-03-08 01:34:53,030 | INFO     | libretime_playout.player.fetch:main:332 - Queue timeout. Fetching schedule manually
2026-03-08 01:35:01,130 | INFO     | libretime_playout.player.queue:main:57 - New schedule received
2026-03-08 01:35:01,132 | INFO     | libretime_playout.player.queue:main:39 - waiting 200.867933s until next scheduled item
2026-03-08 01:35:01,234 | INFO     | libretime_playout.player.fetch:cache_cleanup:255 - File '/var/lib/libretime/playout/scheduler/788.mp3' removed
2026-03-08 01:35:01,346 | INFO     | libretime_playout.player.fetch:cache_cleanup:255 - File '/var/lib/libretime/playout/scheduler/6669.mp3' removed
2026-03-08 01:35:01,348 | INFO     | libretime_playout.player.fetch:main:311 - Loop #71
2026-03-08 01:38:22,006 | INFO     | libretime_playout.player.queue:main:39 - waiting 428.993948s until next scheduled item
2026-03-08 01:41:41,348 | INFO     | libretime_playout.player.fetch:main:332 - Queue timeout. Fetching schedule manually
2026-03-08 01:41:49,218 | INFO     | libretime_playout.player.queue:main:57 - New schedule received
2026-03-08 01:41:49,220 | INFO     | libretime_playout.player.queue:main:39 - waiting 221.779608s until next scheduled item
2026-03-08 01:41:49,325 | INFO     | libretime_playout.player.fetch:cache_cleanup:255 - File '/var/lib/libretime/playout/scheduler/874.mp3' removed
2026-03-08 01:41:49,326 | INFO     | libretime_playout.player.fetch:main:311 - Loop #72
2026-03-08 01:45:31,044 | INFO     | libretime_playout.player.queue:main:39 - waiting 233.956063s until next scheduled item
2026-03-08 01:48:29,326 | INFO     | libretime_playout.player.fetch:main:332 - Queue timeout. Fetching schedule manually
2026-03-08 01:48:36,813 | INFO     | libretime_playout.player.queue:main:57 - New schedule received
2026-03-08 01:48:36,815 | INFO     | libretime_playout.player.queue:main:39 - waiting 48.18478s until next scheduled item
2026-03-08 01:48:36,916 | INFO     | libretime_playout.player.fetch:cache_cleanup:255 - File '/var/lib/libretime/playout/scheduler/6627.mp3' removed
2026-03-08 01:48:36,917 | INFO     | libretime_playout.player.fetch:main:311 - Loop #73
2026-03-08 01:49:25,044 | INFO     | libretime_playout.player.queue:main:39 - waiting 257.955271s until next scheduled item
2026-03-08 01:53:43,050 | INFO     | libretime_playout.player.queue:main:39 - waiting 376.949138s until next scheduled item
2026-03-08 01:55:16,918 | INFO     | libretime_playout.player.fetch:main:332 - Queue timeout. Fetching schedule manually
2026-03-08 01:55:16,924 | WARNING  | urllib3.connectionpool:urlopen:870 - Retrying (Retry(total=4, connect=None, read=None, redirect=None, status=None)) after connection broken by 'RemoteDisconnected('Remote end closed connection without response')': /api/v2/stream/preferences
2026-03-08 01:55:23,960 | INFO     | libretime_playout.player.queue:main:57 - New schedule received
2026-03-08 01:55:23,962 | INFO     | libretime_playout.player.queue:main:39 - waiting 276.037628s until next scheduled item
2026-03-08 01:55:24,052 | INFO     | libretime_playout.player.fetch:cache_cleanup:255 - File '/var/lib/libretime/playout/scheduler/7140.mp3' removed
2026-03-08 01:55:24,156 | INFO     | libretime_playout.player.fetch:cache_cleanup:255 - File '/var/lib/libretime/playout/scheduler/6533.mp3' removed
2026-03-08 01:55:24,157 | INFO     | libretime_playout.player.fetch:main:311 - Loop #74
2026-03-08 03:00:00,004 | INFO     | libretime_playout.player.queue:main:39 - waiting 0s until next scheduled item
2026-03-08 03:00:00,027 | INFO     | libretime_playout.player.queue:main:39 - waiting 0s until next scheduled item
2026-03-08 03:00:04,497 | INFO     | libretime_playout.player.queue:main:39 - waiting 0s until next scheduled item
2026-03-08 03:00:04,524 | INFO     | libretime_playout.player.queue:main:39 - waiting 0s until next scheduled item
2026-03-08 03:00:04,586 | INFO     | libretime_playout.player.queue:main:39 - waiting 28.413295s until next scheduled item
