pg_dump: error: connection to database "libretime" failed: FATAL:  Peer authentication failed for user "libretime"
pg_dump: error: connection to database "libretime" failed: FATAL:  Peer authentication failed for user "libretime"
[master 144d927] db snapshot 2026-02-26
 1 file changed, 0 insertions(+), 0 deletions(-)
 create mode 100644 db/libretime-20260226.sql.gz
To github.com:thisElazar/kxst.git
   b894018..144d927  master -> master
[master cbf85ca] db snapshot 2026-02-27
 1 file changed, 0 insertions(+), 0 deletions(-)
 create mode 100644 db/libretime-20260227.sql.gz
To github.com:thisElazar/kxst.git
   9d8ec87..cbf85ca  master -> master
[master 76c216d] db snapshot 2026-03-01
 1 file changed, 0 insertions(+), 0 deletions(-)
 create mode 100644 db/libretime-20260301.sql.gz
Warning: Permanently added the ECDSA host key for IP address '140.82.116.4' to the list of known hosts.
To github.com:thisElazar/kxst.git
   12a606e..76c216d  master -> master
[master ed5b0e3] db snapshot 2026-03-02
 1 file changed, 0 insertions(+), 0 deletions(-)
 create mode 100644 db/libretime-20260302.sql.gz
To github.com:thisElazar/kxst.git
   6ed10e6..ed5b0e3  master -> master
[master d6e32be] db snapshot 2026-03-03
 1 file changed, 0 insertions(+), 0 deletions(-)
 create mode 100644 db/libretime-20260303.sql.gz
To github.com:thisElazar/kxst.git
   b82e24f..d6e32be  master -> master
[master 810718e] db snapshot 2026-03-04
 1 file changed, 0 insertions(+), 0 deletions(-)
 create mode 100644 db/libretime-20260304.sql.gz
To github.com:thisElazar/kxst.git
   2a5ae4d..810718e  master -> master
