[master 8678b12] playout logs 2026-02-24
 2 files changed, 1 insertion(+)
 create mode 100644 logs/db-snapshot.log
 create mode 100644 logs/log-commit.log
fatal: The current branch master has no upstream branch.
To push the current branch and set the remote as upstream, use

    git push --set-upstream origin master

[master 9abc9de] playout logs 2026-02-25
 1 file changed, 1 insertion(+)
Warning: Permanently added the ECDSA host key for IP address '140.82.114.4' to the list of known hosts.
To github.com:thisElazar/kxst.git
   56b390b..9abc9de  master -> master
[master 9d8ec87] playout logs 2026-02-26
 1 file changed, 5 insertions(+)
Warning: Permanently added the ECDSA host key for IP address '140.82.113.4' to the list of known hosts.
To github.com:thisElazar/kxst.git
   144d927..9d8ec87  master -> master
[master 12a606e] playout logs 2026-02-27
 2 files changed, 10 insertions(+)
To github.com:thisElazar/kxst.git
   cbf85ca..12a606e  master -> master
[master 6ed10e6] playout logs 2026-03-01
 2 files changed, 10 insertions(+)
Warning: Permanently added the ECDSA host key for IP address '140.82.116.3' to the list of known hosts.
To github.com:thisElazar/kxst.git
   76c216d..6ed10e6  master -> master
[master b82e24f] playout logs 2026-03-02
 2 files changed, 10 insertions(+)
To github.com:thisElazar/kxst.git
   ed5b0e3..b82e24f  master -> master
